\BOOKMARK [1][-]{section.1}{\376\377\133\236\232\214\116\000\377\032\145\366\127\337\171\273\145\143\117\341\123\367\166\204\116\247\165\037\124\214\127\372\147\054\217\320\173\227}{}% 1
\BOOKMARK [2][-]{subsection.1.1}{\376\377\133\236\232\214\166\356\166\204}{section.1}% 2
\BOOKMARK [2][-]{subsection.1.2}{\376\377\133\236\232\214\121\205\133\271}{section.1}% 3
\BOOKMARK [2][-]{subsection.1.3}{\376\377\133\236\232\214\172\013\136\217}{section.1}% 4
\BOOKMARK [3][-]{subsubsection.1.3.1}{\376\377\173\054\116\000\225\356\116\343\170\001}{subsection.1.3}% 5
\BOOKMARK [3][-]{subsubsection.1.3.2}{\376\377\173\054\116\214\225\356\116\343\170\001}{subsection.1.3}% 6
\BOOKMARK [3][-]{subsubsection.1.3.3}{\376\377\173\054\116\011\225\356\116\343\170\001}{subsection.1.3}% 7
\BOOKMARK [2][-]{subsection.1.4}{\376\377\133\236\232\214\176\323\147\234\126\376\120\317}{section.1}% 8
\BOOKMARK [3][-]{subsubsection.1.4.1}{\376\377\173\054\116\000\225\356}{subsection.1.4}% 9
\BOOKMARK [3][-]{subsubsection.1.4.2}{\376\377\173\054\116\214\225\356}{subsection.1.4}% 10
\BOOKMARK [3][-]{subsubsection.1.4.3}{\376\377\173\054\116\011\225\356}{subsection.1.4}% 11
\BOOKMARK [2][-]{subsection.1.5}{\376\377\133\236\232\214\176\323\147\234\122\006\147\220\116\016\213\250\213\272}{section.1}% 12
\BOOKMARK [1][-]{section.2}{\376\377\133\236\232\214\116\214\377\032\145\366\127\337\171\273\145\143\174\373\176\337\116\016\174\373\176\337\124\315\136\224}{}% 13
\BOOKMARK [2][-]{subsection.2.1}{\376\377\133\236\232\214\166\356\166\204}{section.2}% 14
\BOOKMARK [2][-]{subsection.2.2}{\376\377\133\236\232\214\121\205\133\271}{section.2}% 15
\BOOKMARK [2][-]{subsection.2.3}{\376\377\133\236\232\214\172\013\136\217}{section.2}% 16
\BOOKMARK [2][-]{subsection.2.4}{\376\377\133\236\232\214\176\323\147\234\126\376\120\317}{section.2}% 17
\BOOKMARK [2][-]{subsection.2.5}{\376\377\133\236\232\214\176\323\147\234\122\006\147\220\116\016\213\250\213\272}{section.2}% 18
\BOOKMARK [1][-]{section.3}{\376\377\133\236\232\214\116\011\377\032\171\273\145\143\145\366\225\364\120\205\172\313\123\366\123\330\143\142\000D\000T\000F\000T\116\016\220\006\123\330\143\142\000I\000D\000T\000F\000T}{}% 19
\BOOKMARK [2][-]{subsection.3.1}{\376\377\133\236\232\214\166\356\166\204}{section.3}% 20
\BOOKMARK [2][-]{subsection.3.2}{\376\377\133\236\232\214\121\205\133\271}{section.3}% 21
\BOOKMARK [2][-]{subsection.3.3}{\376\377\133\236\232\214\172\013\136\217}{section.3}% 22
\BOOKMARK [3][-]{subsubsection.3.3.1}{\376\377\173\054\116\000\225\356\116\343\170\001}{subsection.3.3}% 23
\BOOKMARK [3][-]{subsubsection.3.3.2}{\376\377\173\054\116\214\225\356\116\343\170\001}{subsection.3.3}% 24
\BOOKMARK [2][-]{subsection.3.4}{\376\377\133\236\232\214\176\323\147\234\126\376\120\317}{section.3}% 25
\BOOKMARK [3][-]{subsubsection.3.4.1}{\376\377\173\054\116\000\225\356\126\376\120\317}{subsection.3.4}% 26
\BOOKMARK [3][-]{subsubsection.3.4.2}{\376\377\173\054\116\214\225\356\126\376\120\317}{subsection.3.4}% 27
\BOOKMARK [2][-]{subsection.3.5}{\376\377\133\236\232\214\176\323\147\234\122\006\147\220\116\016\213\250\213\272}{section.3}% 28
\BOOKMARK [1][-]{section.4}{\376\377\133\236\232\214\126\333\377\032\171\273\145\143\120\205\172\313\123\366\123\330\143\142\000D\000F\000T\116\016\000I\000D\000F\000T}{}% 29
\BOOKMARK [2][-]{subsection.4.1}{\376\377\133\236\232\214\166\356\166\204}{section.4}% 30
\BOOKMARK [2][-]{subsection.4.2}{\376\377\133\236\232\214\121\205\133\271}{section.4}% 31
\BOOKMARK [2][-]{subsection.4.3}{\376\377\133\236\232\214\172\013\136\217}{section.4}% 32
\BOOKMARK [2][-]{subsection.4.4}{\376\377\133\236\232\214\176\323\147\234\126\376\120\317}{section.4}% 33
\BOOKMARK [2][-]{subsection.4.5}{\376\377\133\236\232\214\176\323\147\234\122\006\147\220\116\016\213\250\213\272}{section.4}% 34
